{"/Users/santiagocravino/Documents/kennys-pantry/src/App.jsx": {"path":"/Users/santiagocravino/Documents/kennys-pantry/src/App.jsx","statementMap":{"0":{"start":{"line":17,"column":16},"end":{"line":17,"column":59}},"1":{"start":{"line":17,"column":39},"end":{"line":17,"column":58}},"2":{"start":{"line":18,"column":19},"end":{"line":18,"column":32}},"3":{"start":{"line":20,"column":2},"end":{"line":55,"column":4}}},"fnMap":{"0":{"name":"App","decl":{"start":{"line":15,"column":9},"end":{"line":15,"column":12}},"loc":{"start":{"line":15,"column":15},"end":{"line":56,"column":1}},"line":15},"1":{"name":"(anonymous_1)","decl":{"start":{"line":17,"column":28},"end":{"line":17,"column":29}},"loc":{"start":{"line":17,"column":39},"end":{"line":17,"column":58}},"line":17}},"branchMap":{},"s":{"0":0,"1":0,"2":0,"3":0},"f":{"0":0,"1":0},"b":{},"_coverageSchema":"1a1c01bbd47fc00a2c39e90264f33305004495a9","hash":"7d7f9dcc5616c9fefdf34fe7e0357bf6a909f46d"}
,"/Users/santiagocravino/Documents/kennys-pantry/src/Components/FullRecipe.jsx": {"path":"/Users/santiagocravino/Documents/kennys-pantry/src/Components/FullRecipe.jsx","statementMap":{"0":{"start":{"line":7,"column":19},"end":{"line":47,"column":1}},"1":{"start":{"line":8,"column":2},"end":{"line":10,"column":3}},"2":{"start":{"line":9,"column":4},"end":{"line":9,"column":16}},"3":{"start":{"line":12,"column":2},"end":{"line":46,"column":4}},"4":{"start":{"line":39,"column":16},"end":{"line":39,"column":45}}},"fnMap":{"0":{"name":"(anonymous_0)","decl":{"start":{"line":7,"column":19},"end":{"line":7,"column":20}},"loc":{"start":{"line":7,"column":50},"end":{"line":47,"column":1}},"line":7},"1":{"name":"(anonymous_1)","decl":{"start":{"line":38,"column":43},"end":{"line":38,"column":44}},"loc":{"start":{"line":39,"column":16},"end":{"line":39,"column":45}},"line":39}},"branchMap":{"0":{"loc":{"start":{"line":8,"column":2},"end":{"line":10,"column":3}},"type":"if","locations":[{"start":{"line":8,"column":2},"end":{"line":10,"column":3}},{"start":{},"end":{}}],"line":8},"1":{"loc":{"start":{"line":8,"column":6},"end":{"line":8,"column":22}},"type":"binary-expr","locations":[{"start":{"line":8,"column":6},"end":{"line":8,"column":11}},{"start":{"line":8,"column":15},"end":{"line":8,"column":22}}],"line":8}},"s":{"0":1,"1":4,"2":0,"3":4,"4":4},"f":{"0":4,"1":4},"b":{"0":[0,4],"1":[4,4]},"_coverageSchema":"1a1c01bbd47fc00a2c39e90264f33305004495a9","hash":"598a2e7cae9b6dbb1ec359b2180229ab283214e3"}
,"/Users/santiagocravino/Documents/kennys-pantry/src/Components/IngredientChoice.jsx": {"path":"/Users/santiagocravino/Documents/kennys-pantry/src/Components/IngredientChoice.jsx","statementMap":{"0":{"start":{"line":3,"column":25},"end":{"line":25,"column":1}},"1":{"start":{"line":5,"column":4},"end":{"line":5,"column":9}},"2":{"start":{"line":7,"column":24},"end":{"line":9,"column":3}},"3":{"start":{"line":8,"column":4},"end":{"line":8,"column":51}},"4":{"start":{"line":11,"column":2},"end":{"line":24,"column":4}}},"fnMap":{"0":{"name":"(anonymous_0)","decl":{"start":{"line":3,"column":25},"end":{"line":3,"column":26}},"loc":{"start":{"line":3,"column":36},"end":{"line":25,"column":1}},"line":3},"1":{"name":"(anonymous_1)","decl":{"start":{"line":7,"column":24},"end":{"line":7,"column":25}},"loc":{"start":{"line":7,"column":35},"end":{"line":9,"column":3}},"line":7}},"branchMap":{},"s":{"0":1,"1":0,"2":0,"3":0,"4":0},"f":{"0":0,"1":0},"b":{},"_coverageSchema":"1a1c01bbd47fc00a2c39e90264f33305004495a9","hash":"97e0e2b080fb8836f20a1e6866a4e851f8282ed4"}
,"/Users/santiagocravino/Documents/kennys-pantry/src/Components/Logo.jsx": {"path":"/Users/santiagocravino/Documents/kennys-pantry/src/Components/Logo.jsx","statementMap":{"0":{"start":{"line":4,"column":13},"end":{"line":16,"column":1}},"1":{"start":{"line":5,"column":2},"end":{"line":15,"column":4}}},"fnMap":{"0":{"name":"(anonymous_0)","decl":{"start":{"line":4,"column":13},"end":{"line":4,"column":14}},"loc":{"start":{"line":4,"column":19},"end":{"line":16,"column":1}},"line":4}},"branchMap":{},"s":{"0":1,"1":0},"f":{"0":0},"b":{},"_coverageSchema":"1a1c01bbd47fc00a2c39e90264f33305004495a9","hash":"d180ece71324ba2954d4c3a5d1705859b69d3b75"}
,"/Users/santiagocravino/Documents/kennys-pantry/src/Components/Navbar.jsx": {"path":"/Users/santiagocravino/Documents/kennys-pantry/src/Components/Navbar.jsx","statementMap":{"0":{"start":{"line":1,"column":15},"end":{"line":20,"column":1}},"1":{"start":{"line":2,"column":2},"end":{"line":19,"column":4}}},"fnMap":{"0":{"name":"(anonymous_0)","decl":{"start":{"line":1,"column":15},"end":{"line":1,"column":16}},"loc":{"start":{"line":1,"column":21},"end":{"line":20,"column":1}},"line":1}},"branchMap":{},"s":{"0":1,"1":0},"f":{"0":0},"b":{},"_coverageSchema":"1a1c01bbd47fc00a2c39e90264f33305004495a9","hash":"d5ea8c7ca9f4084b15e9b36c8c9cfa8d546414c5"}
,"/Users/santiagocravino/Documents/kennys-pantry/src/Components/RecipeCard.jsx": {"path":"/Users/santiagocravino/Documents/kennys-pantry/src/Components/RecipeCard.jsx","statementMap":{"0":{"start":{"line":7,"column":19},"end":{"line":46,"column":1}},"1":{"start":{"line":9,"column":20},"end":{"line":9,"column":49}},"2":{"start":{"line":11,"column":13},"end":{"line":11,"column":17}},"3":{"start":{"line":12,"column":20},"end":{"line":12,"column":22}},"4":{"start":{"line":13,"column":2},"end":{"line":23,"column":3}},"5":{"start":{"line":14,"column":4},"end":{"line":22,"column":5}},"6":{"start":{"line":15,"column":6},"end":{"line":15,"column":43}},"7":{"start":{"line":16,"column":6},"end":{"line":16,"column":19}},"8":{"start":{"line":17,"column":11},"end":{"line":22,"column":5}},"9":{"start":{"line":18,"column":6},"end":{"line":18,"column":29}},"10":{"start":{"line":19,"column":6},"end":{"line":19,"column":18}},"11":{"start":{"line":21,"column":6},"end":{"line":21,"column":29}},"12":{"start":{"line":25,"column":2},"end":{"line":45,"column":4}}},"fnMap":{"0":{"name":"(anonymous_0)","decl":{"start":{"line":7,"column":19},"end":{"line":7,"column":20}},"loc":{"start":{"line":7,"column":49},"end":{"line":46,"column":1}},"line":7}},"branchMap":{"0":{"loc":{"start":{"line":14,"column":4},"end":{"line":22,"column":5}},"type":"if","locations":[{"start":{"line":14,"column":4},"end":{"line":22,"column":5}},{"start":{"line":17,"column":11},"end":{"line":22,"column":5}}],"line":14},"1":{"loc":{"start":{"line":17,"column":11},"end":{"line":22,"column":5}},"type":"if","locations":[{"start":{"line":17,"column":11},"end":{"line":22,"column":5}},{"start":{"line":20,"column":11},"end":{"line":22,"column":5}}],"line":17}},"s":{"0":1,"1":0,"2":0,"3":0,"4":0,"5":0,"6":0,"7":0,"8":0,"9":0,"10":0,"11":0,"12":0},"f":{"0":0},"b":{"0":[0,0],"1":[0,0]},"_coverageSchema":"1a1c01bbd47fc00a2c39e90264f33305004495a9","hash":"aeb3719be6ac6e8cfcfc248456a07bee41b7047f"}
,"/Users/santiagocravino/Documents/kennys-pantry/src/Components/RecipeContainer.jsx": {"path":"/Users/santiagocravino/Documents/kennys-pantry/src/Components/RecipeContainer.jsx","statementMap":{"0":{"start":{"line":6,"column":24},"end":{"line":52,"column":1}},"1":{"start":{"line":7,"column":46},"end":{"line":7,"column":60}},"2":{"start":{"line":8,"column":23},"end":{"line":10,"column":3}},"3":{"start":{"line":9,"column":4},"end":{"line":9,"column":30}},"4":{"start":{"line":11,"column":18},"end":{"line":11,"column":58}},"5":{"start":{"line":11,"column":41},"end":{"line":11,"column":57}},"6":{"start":{"line":14,"column":2},"end":{"line":51,"column":4}},"7":{"start":{"line":34,"column":12},"end":{"line":40,"column":14}},"8":{"start":{"line":38,"column":36},"end":{"line":38,"column":56}},"9":{"start":{"line":45,"column":25},"end":{"line":45,"column":48}}},"fnMap":{"0":{"name":"(anonymous_0)","decl":{"start":{"line":6,"column":24},"end":{"line":6,"column":25}},"loc":{"start":{"line":6,"column":30},"end":{"line":52,"column":1}},"line":6},"1":{"name":"(anonymous_1)","decl":{"start":{"line":8,"column":23},"end":{"line":8,"column":24}},"loc":{"start":{"line":8,"column":35},"end":{"line":10,"column":3}},"line":8},"2":{"name":"(anonymous_2)","decl":{"start":{"line":11,"column":30},"end":{"line":11,"column":31}},"loc":{"start":{"line":11,"column":41},"end":{"line":11,"column":57}},"line":11},"3":{"name":"(anonymous_3)","decl":{"start":{"line":33,"column":34},"end":{"line":33,"column":35}},"loc":{"start":{"line":33,"column":46},"end":{"line":41,"column":11}},"line":33},"4":{"name":"(anonymous_4)","decl":{"start":{"line":38,"column":30},"end":{"line":38,"column":31}},"loc":{"start":{"line":38,"column":36},"end":{"line":38,"column":56}},"line":38},"5":{"name":"(anonymous_5)","decl":{"start":{"line":45,"column":19},"end":{"line":45,"column":20}},"loc":{"start":{"line":45,"column":25},"end":{"line":45,"column":48}},"line":45}},"branchMap":{},"s":{"0":1,"1":0,"2":0,"3":0,"4":0,"5":0,"6":0,"7":0,"8":0,"9":0},"f":{"0":0,"1":0,"2":0,"3":0,"4":0,"5":0},"b":{},"_coverageSchema":"1a1c01bbd47fc00a2c39e90264f33305004495a9","hash":"4d854ac3ffac71d4c5df7484408aa18b72156614"}
,"/Users/santiagocravino/Documents/kennys-pantry/src/containers/IngredientsContainer.jsx": {"path":"/Users/santiagocravino/Documents/kennys-pantry/src/containers/IngredientsContainer.jsx","statementMap":{"0":{"start":{"line":6,"column":29},"end":{"line":139,"column":1}},"1":{"start":{"line":7,"column":59},"end":{"line":7,"column":71}},"2":{"start":{"line":8,"column":19},"end":{"line":8,"column":32}},"3":{"start":{"line":10,"column":24},"end":{"line":21,"column":3}},"4":{"start":{"line":11,"column":16},"end":{"line":11,"column":60}},"5":{"start":{"line":12,"column":4},"end":{"line":20,"column":5}},"6":{"start":{"line":13,"column":23},"end":{"line":13,"column":39}},"7":{"start":{"line":14,"column":25},"end":{"line":14,"column":46}},"8":{"start":{"line":16,"column":6},"end":{"line":16,"column":39}},"9":{"start":{"line":17,"column":6},"end":{"line":17,"column":13}},"10":{"start":{"line":19,"column":6},"end":{"line":19,"column":29}},"11":{"start":{"line":38,"column":23},"end":{"line":41,"column":3}},"12":{"start":{"line":39,"column":4},"end":{"line":39,"column":27}},"13":{"start":{"line":40,"column":4},"end":{"line":40,"column":20}},"14":{"start":{"line":43,"column":31},"end":{"line":94,"column":3}},"15":{"start":{"line":96,"column":2},"end":{"line":138,"column":4}},"16":{"start":{"line":117,"column":14},"end":{"line":125,"column":16}}},"fnMap":{"0":{"name":"(anonymous_0)","decl":{"start":{"line":6,"column":29},"end":{"line":6,"column":30}},"loc":{"start":{"line":6,"column":35},"end":{"line":139,"column":1}},"line":6},"1":{"name":"(anonymous_1)","decl":{"start":{"line":10,"column":24},"end":{"line":10,"column":25}},"loc":{"start":{"line":10,"column":36},"end":{"line":21,"column":3}},"line":10},"2":{"name":"(anonymous_2)","decl":{"start":{"line":38,"column":23},"end":{"line":38,"column":24}},"loc":{"start":{"line":38,"column":34},"end":{"line":41,"column":3}},"line":38},"3":{"name":"(anonymous_3)","decl":{"start":{"line":116,"column":38},"end":{"line":116,"column":39}},"loc":{"start":{"line":117,"column":14},"end":{"line":125,"column":16}},"line":117}},"branchMap":{},"s":{"0":1,"1":0,"2":0,"3":0,"4":0,"5":0,"6":0,"7":0,"8":0,"9":0,"10":0,"11":0,"12":0,"13":0,"14":0,"15":0,"16":0},"f":{"0":0,"1":0,"2":0,"3":0},"b":{},"_coverageSchema":"1a1c01bbd47fc00a2c39e90264f33305004495a9","hash":"b71d5460866b8c3147edaf34e106b20394dd9d39"}
,"/Users/santiagocravino/Documents/kennys-pantry/src/reducers/counterSlice.jsx": {"path":"/Users/santiagocravino/Documents/kennys-pantry/src/reducers/counterSlice.jsx","statementMap":{"0":{"start":{"line":4,"column":28},"end":{"line":17,"column":2}},"1":{"start":{"line":11,"column":6},"end":{"line":11,"column":23}},"2":{"start":{"line":14,"column":6},"end":{"line":14,"column":23}},"3":{"start":{"line":19,"column":40},"end":{"line":19,"column":60}}},"fnMap":{"0":{"name":"(anonymous_0)","decl":{"start":{"line":10,"column":15},"end":{"line":10,"column":16}},"loc":{"start":{"line":10,"column":26},"end":{"line":12,"column":5}},"line":10},"1":{"name":"(anonymous_1)","decl":{"start":{"line":13,"column":15},"end":{"line":13,"column":16}},"loc":{"start":{"line":13,"column":26},"end":{"line":15,"column":5}},"line":13}},"branchMap":{},"s":{"0":1,"1":0,"2":0,"3":1},"f":{"0":0,"1":0},"b":{},"_coverageSchema":"1a1c01bbd47fc00a2c39e90264f33305004495a9","hash":"beb6e8d6ff775dfb76b12232caf817297777a8cd"}
,"/Users/santiagocravino/Documents/kennys-pantry/src/reducers/recipeListSlice.jsx": {"path":"/Users/santiagocravino/Documents/kennys-pantry/src/reducers/recipeListSlice.jsx","statementMap":{"0":{"start":{"line":3,"column":31},"end":{"line":19,"column":2}},"1":{"start":{"line":12,"column":25},"end":{"line":12,"column":39}},"2":{"start":{"line":13,"column":6},"end":{"line":16,"column":7}},"3":{"start":{"line":21,"column":30},"end":{"line":21,"column":53}}},"fnMap":{"0":{"name":"(anonymous_0)","decl":{"start":{"line":10,"column":16},"end":{"line":10,"column":17}},"loc":{"start":{"line":10,"column":35},"end":{"line":17,"column":5}},"line":10}},"branchMap":{},"s":{"0":1,"1":0,"2":0,"3":1},"f":{"0":0},"b":{},"_coverageSchema":"1a1c01bbd47fc00a2c39e90264f33305004495a9","hash":"45a3750eb058eba38eb96e1f2cc887b93ec5b13c"}
}
