TN:
SF:src/App.jsx
FN:15,App
FN:17,(anonymous_1)
FNF:2
FNH:0
FNDA:0,App
FNDA:0,(anonymous_1)
DA:17,0
DA:18,0
DA:20,0
LF:3
LH:0
BRF:0
BRH:0
end_of_record
TN:
SF:src/Components/FullRecipe.jsx
FN:7,(anonymous_0)
FN:38,(anonymous_1)
FNF:2
FNH:2
FNDA:4,(anonymous_0)
FNDA:4,(anonymous_1)
DA:7,1
DA:8,4
DA:9,0
DA:12,4
DA:39,4
LF:5
LH:4
BRDA:8,0,0,0
BRDA:8,0,1,4
BRDA:8,1,0,4
BRDA:8,1,1,4
BRF:4
BRH:3
end_of_record
TN:
SF:src/Components/IngredientChoice.jsx
FN:3,(anonymous_0)
FN:7,(anonymous_1)
FNF:2
FNH:0
FNDA:0,(anonymous_0)
FNDA:0,(anonymous_1)
DA:3,1
DA:5,0
DA:7,0
DA:8,0
DA:11,0
LF:5
LH:1
BRF:0
BRH:0
end_of_record
TN:
SF:src/Components/Logo.jsx
FN:4,(anonymous_0)
FNF:1
FNH:0
FNDA:0,(anonymous_0)
DA:4,1
DA:5,0
LF:2
LH:1
BRF:0
BRH:0
end_of_record
TN:
SF:src/Components/Navbar.jsx
FN:1,(anonymous_0)
FNF:1
FNH:0
FNDA:0,(anonymous_0)
DA:1,1
DA:2,0
LF:2
LH:1
BRF:0
BRH:0
end_of_record
TN:
SF:src/Components/RecipeCard.jsx
FN:7,(anonymous_0)
FNF:1
FNH:0
FNDA:0,(anonymous_0)
DA:7,1
DA:9,0
DA:11,0
DA:12,0
DA:13,0
DA:14,0
DA:15,0
DA:16,0
DA:17,0
DA:18,0
DA:19,0
DA:21,0
DA:25,0
LF:13
LH:1
BRDA:14,0,0,0
BRDA:14,0,1,0
BRDA:17,1,0,0
BRDA:17,1,1,0
BRF:4
BRH:0
end_of_record
TN:
SF:src/Components/RecipeContainer.jsx
FN:6,(anonymous_0)
FN:8,(anonymous_1)
FN:11,(anonymous_2)
FN:33,(anonymous_3)
FN:38,(anonymous_4)
FN:45,(anonymous_5)
FNF:6
FNH:0
FNDA:0,(anonymous_0)
FNDA:0,(anonymous_1)
FNDA:0,(anonymous_2)
FNDA:0,(anonymous_3)
FNDA:0,(anonymous_4)
FNDA:0,(anonymous_5)
DA:6,1
DA:7,0
DA:8,0
DA:9,0
DA:11,0
DA:14,0
DA:34,0
DA:38,0
DA:45,0
LF:9
LH:1
BRF:0
BRH:0
end_of_record
TN:
SF:src/containers/IngredientsContainer.jsx
FN:6,(anonymous_0)
FN:10,(anonymous_1)
FN:38,(anonymous_2)
FN:116,(anonymous_3)
FNF:4
FNH:0
FNDA:0,(anonymous_0)
FNDA:0,(anonymous_1)
FNDA:0,(anonymous_2)
FNDA:0,(anonymous_3)
DA:6,1
DA:7,0
DA:8,0
DA:10,0
DA:11,0
DA:12,0
DA:13,0
DA:14,0
DA:16,0
DA:17,0
DA:19,0
DA:38,0
DA:39,0
DA:40,0
DA:43,0
DA:96,0
DA:117,0
LF:17
LH:1
BRF:0
BRH:0
end_of_record
TN:
SF:src/reducers/counterSlice.jsx
FN:10,(anonymous_0)
FN:13,(anonymous_1)
FNF:2
FNH:0
FNDA:0,(anonymous_0)
FNDA:0,(anonymous_1)
DA:4,1
DA:11,0
DA:14,0
DA:19,1
LF:4
LH:2
BRF:0
BRH:0
end_of_record
TN:
SF:src/reducers/recipeListSlice.jsx
FN:10,(anonymous_0)
FNF:1
FNH:0
FNDA:0,(anonymous_0)
DA:3,1
DA:12,0
DA:13,0
DA:21,1
LF:4
LH:2
BRF:0
BRH:0
end_of_record
